<?xml version="1.0" encoding="UTF-8"?>
<!-- Generated by org.testng.reporters.JUnitReportReporter -->
<testsuite hostname="LAPTOP-MM280JBP" failures="0" tests="2" name="testCase.HotelBookingTest" time="18.109" errors="0" timestamp="23 Apr 2019 14:40:53 GMT" skipped="0">
  <testcase classname="testCase.HotelBookingTest" name="openApplication" time="4.587"/>
  <testcase classname="testCase.HotelBookingTest" name="searchHotels" time="13.522"/>
</testsuite> <!-- testCase.HotelBookingTest -->
