<?xml version="1.0" encoding="UTF-8"?>
<!-- Generated by org.testng.reporters.JUnitReportReporter -->
<testsuite hostname="LAPTOP-MM280JBP" failures="0" tests="2" name="testCase.SignInTest" time="9.257" errors="0" timestamp="23 Apr 2019 14:41:58 GMT" skipped="0">
  <testcase classname="testCase.SignInTest" name="openApplication" time="5.657"/>
  <testcase classname="testCase.SignInTest" name="signIn" time="3.600"/>
</testsuite> <!-- testCase.SignInTest -->
