<?xml version="1.0" encoding="UTF-8"?>
<!-- Generated by org.testng.reporters.JUnitReportReporter -->
<testsuite hostname="LAPTOP-MM280JBP" failures="0" tests="2" name="myPackage.FlightBookingTest" time="12.182" errors="0" timestamp="23 Apr 2019 14:27:41 GMT" skipped="0">
  <testcase classname="myPackage.FlightBookingTest" name="openApplication" time="6.031"/>
  <testcase classname="myPackage.FlightBookingTest" name="bookFlight" time="6.151"/>
</testsuite> <!-- myPackage.FlightBookingTest -->
