<?xml version="1.0" encoding="UTF-8"?>
<!-- Generated by org.testng.reporters.JUnitReportReporter -->
<testsuite hostname="LAPTOP-MM280JBP" failures="0" tests="1" name="myPackage.NewTest" time="7.496" errors="0" timestamp="23 Apr 2019 07:31:10 GMT" skipped="0">
  <testcase classname="myPackage.NewTest" name="f" time="7.496"/>
</testsuite> <!-- myPackage.NewTest -->
