<?xml version="1.0" encoding="UTF-8"?>
<!-- Generated by org.testng.reporters.JUnitReportReporter -->
<testsuite hostname="LAPTOP-MM280JBP" failures="0" tests="2" name="myPackage.SignInTest" time="7.002" errors="0" timestamp="23 Apr 2019 14:15:30 GMT" skipped="0">
  <testcase classname="myPackage.SignInTest" name="openApplication" time="4.536"/>
  <testcase classname="myPackage.SignInTest" name="signIn" time="2.466"/>
</testsuite> <!-- myPackage.SignInTest -->
