<?xml version="1.0" encoding="UTF-8"?>
<!-- Generated by org.testng.reporters.JUnitReportReporter -->
<testsuite hostname="LAPTOP-MM280JBP" failures="0" tests="2" name="testCase.FlightBookingTest" time="13.766" errors="0" timestamp="23 Apr 2019 14:41:24 GMT" skipped="0">
  <testcase classname="testCase.FlightBookingTest" name="openApplication" time="4.560"/>
  <testcase classname="testCase.FlightBookingTest" name="bookFlight" time="9.206"/>
</testsuite> <!-- testCase.FlightBookingTest -->
