<?xml version="1.0" encoding="UTF-8"?>
<!-- Generated by org.testng.reporters.JUnitReportReporter -->
<testsuite hostname="LAPTOP-MM280JBP" failures="0" tests="2" name="myPackage.HotelBookingTest" time="17.469" errors="0" timestamp="23 Apr 2019 14:30:58 GMT" skipped="0">
  <testcase classname="myPackage.HotelBookingTest" name="openApplication" time="4.449"/>
  <testcase classname="myPackage.HotelBookingTest" name="searchHotels" time="13.020"/>
</testsuite> <!-- myPackage.HotelBookingTest -->
