<?xml version="1.0" encoding="UTF-8"?>
<!-- Generated by org.testng.reporters.JUnitReportReporter -->
<testsuite hostname="LAPTOP-MM280JBP" failures="0" tests="1" name="NewTest" time="8.230" errors="0" timestamp="23 Apr 2019 07:28:57 GMT" skipped="0">
  <testcase classname="NewTest" name="f" time="8.230"/>
</testsuite> <!-- NewTest -->
